[ N 2019-07-05 17:38:53.7040 16872/T1 age/Wat/WatchdogMain.cpp:1366 ]: Starting Passenger watchdog...
[ N 2019-07-05 17:38:53.7584 16875/T1 age/Cor/CoreMain.cpp:1339 ]: Starting Passenger core...
[ N 2019-07-05 17:38:53.7589 16875/T1 age/Cor/CoreMain.cpp:256 ]: Passenger core running in multi-application mode.
[ N 2019-07-05 17:38:53.7677 16875/T1 age/Cor/CoreMain.cpp:1014 ]: Passenger core online, PID 16875
[ N 2019-07-05 17:38:55.9178 16875/Tb age/Cor/SecurityUpdateChecker.h:519 ]: Security update check: no update found (next check in 24 hours)
App 16960 output: /home/admin/.rbenv/versions/2.5.1/lib/ruby/2.5.0/fileutils.rb:90: warning: already initialized constant FileUtils::VERSION
App 16960 output: /home/admin/.rbenv/versions/2.5.1/lib/ruby/gems/2.5.0/gems/fileutils-1.2.0/lib/fileutils/version.rb:4: warning: previous definition of VERSION was here
App 16960 output: /home/admin/.rbenv/versions/2.5.1/lib/ruby/2.5.0/fileutils.rb:1188: warning: already initialized constant FileUtils::Entry_::S_IF_DOOR
App 16960 output: /home/admin/.rbenv/versions/2.5.1/lib/ruby/gems/2.5.0/gems/fileutils-1.2.0/lib/fileutils.rb:1267: warning: previous definition of S_IF_DOOR was here
App 16960 output: /home/admin/.rbenv/versions/2.5.1/lib/ruby/2.5.0/fileutils.rb:1446: warning: already initialized constant FileUtils::Entry_::DIRECTORY_TERM
App 16960 output: /home/admin/.rbenv/versions/2.5.1/lib/ruby/gems/2.5.0/gems/fileutils-1.2.0/lib/fileutils.rb:1547: warning: previous definition of DIRECTORY_TERM was here
App 16960 output: /home/admin/.rbenv/versions/2.5.1/lib/ruby/2.5.0/fileutils.rb:1448: warning: already initialized constant FileUtils::Entry_::SYSCASE
App 16960 output: /home/admin/.rbenv/versions/2.5.1/lib/ruby/gems/2.5.0/gems/fileutils-1.2.0/lib/fileutils.rb:1549: warning: previous definition of SYSCASE was here
App 16960 output: /home/admin/.rbenv/versions/2.5.1/lib/ruby/2.5.0/fileutils.rb:1501: warning: already initialized constant FileUtils::OPT_TABLE
App 16960 output: /home/admin/.rbenv/versions/2.5.1/lib/ruby/gems/2.5.0/gems/fileutils-1.2.0/lib/fileutils.rb:1602: warning: previous definition of OPT_TABLE was here
App 16960 output: /home/admin/.rbenv/versions/2.5.1/lib/ruby/2.5.0/fileutils.rb:1555: warning: already initialized constant FileUtils::LOW_METHODS
App 16960 output: /home/admin/.rbenv/versions/2.5.1/lib/ruby/gems/2.5.0/gems/fileutils-1.2.0/lib/fileutils.rb:1656: warning: previous definition of LOW_METHODS was here
App 16960 output: /home/admin/.rbenv/versions/2.5.1/lib/ruby/2.5.0/fileutils.rb:1562: warning: already initialized constant FileUtils::METHODS
App 16960 output: /home/admin/.rbenv/versions/2.5.1/lib/ruby/gems/2.5.0/gems/fileutils-1.2.0/lib/fileutils.rb:1663: warning: previous definition of METHODS was here
App 17042 output: Error during failsafe response: "fr" is not a valid locale
App 17042 output:   /home/admin/.rbenv/versions/2.5.1/lib/ruby/gems/2.5.0/gems/i18n-1.6.0/lib/i18n.rb:326:in `enforce_available_locales!'
App 17042 output:   /home/admin/.rbenv/versions/2.5.1/lib/ruby/gems/2.5.0/gems/i18n-1.6.0/lib/i18n/config.rb:15:in `locale='
App 17042 output:   /home/admin/.rbenv/versions/2.5.1/lib/ruby/gems/2.5.0/gems/actionview-5.2.3/lib/action_view/lookup_context.rb:268:in `locale='
App 17042 output:   /home/admin/.rbenv/versions/2.5.1/lib/ruby/gems/2.5.0/gems/actionview-5.2.3/lib/action_view/rendering.rb:21:in `locale='
App 17042 output:   /home/admin/.rbenv/versions/2.5.1/lib/ruby/gems/2.5.0/gems/i18n-1.6.0/lib/i18n.rb:59:in `locale='
App 17042 output:   /home/admin/.rbenv/versions/2.5.1/lib/ruby/gems/2.5.0/gems/i18n-1.6.0/lib/i18n.rb:295:in `with_locale'
App 17042 output:   /home/admin/.rbenv/versions/2.5.1/lib/ruby/gems/2.5.0/gems/decidim-core-0.18.0/app/helpers/decidim/language_chooser_helper.rb:16:in `locale_name'
App 17042 output:   /home/admin/.rbenv/versions/2.5.1/lib/ruby/gems/2.5.0/gems/decidim-core-0.18.0/app/views/layouts/decidim/_language_chooser.html.erb:8:in `block in __home_admin__rbenv_versions_______lib_ruby_gems_______gems_decidim_core________app_views_layouts_decidim__language_chooser_html_erb___697543899597121016_47109298426560'
App 17042 output:   /home/admin/.rbenv/versions/2.5.1/lib/ruby/gems/2.5.0/gems/decidim-core-0.18.0/app/views/layouts/decidim/_language_chooser.html.erb:7:in `each'
App 17042 output:   /home/admin/.rbenv/versions/2.5.1/lib/ruby/gems/2.5.0/gems/decidim-core-0.18.0/app/views/layouts/decidim/_language_chooser.html.erb:7:in `__home_admin__rbenv_versions_______lib_ruby_gems_______gems_decidim_core________app_views_layouts_decidim__language_chooser_html_erb___697543899597121016_47109298426560'
App 17042 output:   /home/admin/.rbenv/versions/2.5.1/lib/ruby/gems/2.5.0/gems/actionview-5.2.3/lib/action_view/template.rb:159:in `block in render'
App 17042 output:   /home/admin/.rbenv/versions/2.5.1/lib/ruby/gems/2.5.0/gems/activesupport-5.2.3/lib/active_support/notifications.rb:170:in `instrument'
App 17042 output:   /home/admin/.rbenv/versions/2.5.1/lib/ruby/gems/2.5.0/gems/actionview-5.2.3/lib/action_view/template.rb:354:in `instrument_render_template'
App 17042 output:   /home/admin/.rbenv/versions/2.5.1/lib/ruby/gems/2.5.0/gems/actionview-5.2.3/lib/action_view/template.rb:157:in `render'
App 17042 output:   /home/admin/.rbenv/versions/2.5.1/lib/ruby/gems/2.5.0/gems/actionview-5.2.3/lib/action_view/renderer/partial_renderer.rb:344:in `block in render_partial'
App 17042 output:   /home/admin/.rbenv/versions/2.5.1/lib/ruby/gems/2.5.0/gems/actionview-5.2.3/lib/action_view/renderer/abstract_renderer.rb:44:in `block in instrument'
App 17042 output:   /home/admin/.rbenv/versions/2.5.1/lib/ruby/gems/2.5.0/gems/activesupport-5.2.3/lib/active_support/notifications.rb:168:in `block in instrument'
App 17042 output:   /home/admin/.rbenv/versions/2.5.1/lib/ruby/gems/2.5.0/gems/activesupport-5.2.3/lib/active_support/notifications/instrumenter.rb:23:in `instrument'
App 17042 output:   /home/admin/.rbenv/versions/2.5.1/lib/ruby/gems/2.5.0/gems/activesupport-5.2.3/lib/active_support/notifications.rb:168:in `instrument'
App 17042 output:   /home/admin/.rbenv/versions/2.5.1/lib/ruby/gems/2.5.0/gems/actionview-5.2.3/lib/action_view/renderer/abstract_renderer.rb:43:in `instrument'
App 17042 output:   /home/admin/.rbenv/versions/2.5.1/lib/ruby/gems/2.5.0/gems/actionview-5.2.3/lib/action_view/renderer/partial_renderer.rb:333:in `render_partial'
App 17042 output:   /home/admin/.rbenv/versions/2.5.1/lib/ruby/gems/2.5.0/gems/actionview-5.2.3/lib/action_view/renderer/partial_renderer.rb:312:in `render'
App 17042 output:   /home/admin/.rbenv/versions/2.5.1/lib/ruby/gems/2.5.0/gems/actionview-5.2.3/lib/action_view/renderer/renderer.rb:49:in `render_partial'
App 17042 output:   /home/admin/.rbenv/versions/2.5.1/lib/ruby/gems/2.5.0/gems/actionview-5.2.3/lib/action_view/renderer/renderer.rb:23:in `render'
App 17042 output:   /home/admin/.rbenv/versions/2.5.1/lib/ruby/gems/2.5.0/gems/actionview-5.2.3/lib/action_view/helpers/rendering_helper.rb:33:in `render'
App 17042 output:   /home/admin/.rbenv/versions/2.5.1/lib/ruby/gems/2.5.0/gems/decidim-core-0.18.0/app/views/layouts/decidim/_wrapper.html.erb:44:in `__home_admin__rbenv_versions_______lib_ruby_gems_______gems_decidim_core________app_views_layouts_decidim__wrapper_html_erb___3555934382528261996_47109297545280'
App 17042 output:   /home/admin/.rbenv/versions/2.5.1/lib/ruby/gems/2.5.0/gems/actionview-5.2.3/lib/action_view/template.rb:159:in `block in render'
App 17042 output:   /home/admin/.rbenv/versions/2.5.1/lib/ruby/gems/2.5.0/gems/activesupport-5.2.3/lib/active_support/notifications.rb:170:in `instrument'
App 17042 output:   /home/admin/.rbenv/versions/2.5.1/lib/ruby/gems/2.5.0/gems/actionview-5.2.3/lib/action_view/template.rb:354:in `instrument_render_template'
App 17042 output:   /home/admin/.rbenv/versions/2.5.1/lib/ruby/gems/2.5.0/gems/actionview-5.2.3/lib/action_view/template.rb:157:in `render'
App 17042 output:   /home/admin/.rbenv/versions/2.5.1/lib/ruby/gems/2.5.0/gems/actionview-5.2.3/lib/action_view/renderer/partial_renderer.rb:344:in `block in render_partial'
App 17042 output:   /home/admin/.rbenv/versions/2.5.1/lib/ruby/gems/2.5.0/gems/actionview-5.2.3/lib/action_view/renderer/abstract_renderer.rb:44:in `block in instrument'
App 17042 output:   /home/admin/.rbenv/versions/2.5.1/lib/ruby/gems/2.5.0/gems/activesupport-5.2.3/lib/active_support/notifications.rb:168:in `block in instrument'
App 17042 output:   /home/admin/.rbenv/versions/2.5.1/lib/ruby/gems/2.5.0/gems/activesupport-5.2.3/lib/active_support/notifications/instrumenter.rb:23:in `instrument'
App 17042 output:   /home/admin/.rbenv/versions/2.5.1/lib/ruby/gems/2.5.0/gems/activesupport-5.2.3/lib/active_support/notifications.rb:168:in `instrument'
App 17042 output:   /home/admin/.rbenv/versions/2.5.1/lib/ruby/gems/2.5.0/gems/actionview-5.2.3/lib/action_view/renderer/abstract_renderer.rb:43:in `instrument'
App 17042 output:   /home/admin/.rbenv/versions/2.5.1/lib/ruby/gems/2.5.0/gems/actionview-5.2.3/lib/action_view/renderer/partial_renderer.rb:333:in `render_partial'
App 17042 output:   /home/admin/.rbenv/versions/2.5.1/lib/ruby/gems/2.5.0/gems/actionview-5.2.3/lib/action_view/renderer/partial_renderer.rb:312:in `render'
App 17042 output:   /home/admin/.rbenv/versions/2.5.1/lib/ruby/gems/2.5.0/gems/actionview-5.2.3/lib/action_view/renderer/renderer.rb:49:in `render_partial'
App 17042 output:   /home/admin/.rbenv/versions/2.5.1/lib/ruby/gems/2.5.0/gems/actionview-5.2.3/lib/action_view/helpers/rendering_helper.rb:36:in `render'
App 17042 output:   /home/admin/.rbenv/versions/2.5.1/lib/ruby/gems/2.5.0/gems/decidim-core-0.18.0/app/views/layouts/decidim/_application.html.erb:25:in `__home_admin__rbenv_versions_______lib_ruby_gems_______gems_decidim_core________app_views_layouts_decidim__application_html_erb__1073478431899559202_47109291518980'
App 17042 output:   /home/admin/.rbenv/versions/2.5.1/lib/ruby/gems/2.5.0/gems/actionview-5.2.3/lib/action_view/template.rb:159:in `block in render'
App 17042 output:   /home/admin/.rbenv/versions/2.5.1/lib/ruby/gems/2.5.0/gems/activesupport-5.2.3/lib/active_support/notifications.rb:170:in `instrument'
App 17042 output:   /home/admin/.rbenv/versions/2.5.1/lib/ruby/gems/2.5.0/gems/actionview-5.2.3/lib/action_view/template.rb:354:in `instrument_render_template'
App 17042 output:   /home/admin/.rbenv/versions/2.5.1/lib/ruby/gems/2.5.0/gems/actionview-5.2.3/lib/action_view/template.rb:157:in `render'
App 17042 output:   /home/admin/.rbenv/versions/2.5.1/lib/ruby/gems/2.5.0/gems/actionview-5.2.3/lib/action_view/renderer/partial_renderer.rb:344:in `block in render_partial'
App 17042 output:   /home/admin/.rbenv/versions/2.5.1/lib/ruby/gems/2.5.0/gems/actionview-5.2.3/lib/action_view/renderer/abstract_renderer.rb:44:in `block in instrument'
App 17042 output:   /home/admin/.rbenv/versions/2.5.1/lib/ruby/gems/2.5.0/gems/activesupport-5.2.3/lib/active_support/notifications.rb:168:in `block in instrument'
App 17042 output:   /home/admin/.rbenv/versions/2.5.1/lib/ruby/gems/2.5.0/gems/activesupport-5.2.3/lib/active_support/notifications/instrumenter.rb:23:in `instrument'
App 17042 output:   /home/admin/.rbenv/versions/2.5.1/lib/ruby/gems/2.5.0/gems/activesupport-5.2.3/lib/active_support/notifications.rb:168:in `instrument'
App 17042 output:   /home/admin/.rbenv/versions/2.5.1/lib/ruby/gems/2.5.0/gems/actionview-5.2.3/lib/action_view/renderer/abstract_renderer.rb:43:in `instrument'
App 17042 output:   /home/admin/.rbenv/versions/2.5.1/lib/ruby/gems/2.5.0/gems/actionview-5.2.3/lib/action_view/renderer/partial_renderer.rb:333:in `render_partial'
App 17042 output:   /home/admin/.rbenv/versions/2.5.1/lib/ruby/gems/2.5.0/gems/actionview-5.2.3/lib/action_view/renderer/partial_renderer.rb:312:in `render'
App 17042 output:   /home/admin/.rbenv/versions/2.5.1/lib/ruby/gems/2.5.0/gems/actionview-5.2.3/lib/action_view/renderer/renderer.rb:49:in `render_partial'
App 17042 output:   /home/ad
App 17042 output: min/.rbenv/versions/2.5.1/lib/ruby/gems/2.5.0/gems/actionview-5.2.3/lib/action_view/helpers/rendering_helper.rb:36:in `render'
App 17042 output:   /home/admin/.rbenv/versions/2.5.1/lib/ruby/gems/2.5.0/gems/decidim-core-0.18.0/app/views/layouts/decidim/application.html.erb:1:in `__home_admin__rbenv_versions_______lib_ruby_gems_______gems_decidim_core________app_views_layouts_decidim_application_html_erb__617723419994303260_47109270199620'
App 17042 output:   /home/admin/.rbenv/versions/2.5.1/lib/ruby/gems/2.5.0/gems/actionview-5.2.3/lib/action_view/template.rb:159:in `block in render'
App 17042 output:   /home/admin/.rbenv/versions/2.5.1/lib/ruby/gems/2.5.0/gems/activesupport-5.2.3/lib/active_support/notifications.rb:170:in `instrument'
App 17042 output:   /home/admin/.rbenv/versions/2.5.1/lib/ruby/gems/2.5.0/gems/actionview-5.2.3/lib/action_view/template.rb:354:in `instrument_render_template'
App 17042 output:   /home/admin/.rbenv/versions/2.5.1/lib/ruby/gems/2.5.0/gems/actionview-5.2.3/lib/action_view/template.rb:157:in `render'
App 17042 output:   /home/admin/.rbenv/versions/2.5.1/lib/ruby/gems/2.5.0/gems/actionview-5.2.3/lib/action_view/renderer/template_renderer.rb:66:in `render_with_layout'
App 17042 output:   /home/admin/.rbenv/versions/2.5.1/lib/ruby/gems/2.5.0/gems/actionview-5.2.3/lib/action_view/renderer/template_renderer.rb:52:in `render_template'
App 17042 output:   /home/admin/.rbenv/versions/2.5.1/lib/ruby/gems/2.5.0/gems/actionview-5.2.3/lib/action_view/renderer/template_renderer.rb:16:in `render'
App 17042 output:   /home/admin/.rbenv/versions/2.5.1/lib/ruby/gems/2.5.0/gems/actionview-5.2.3/lib/action_view/renderer/renderer.rb:44:in `render_template'
App 17042 output:   /home/admin/.rbenv/versions/2.5.1/lib/ruby/gems/2.5.0/gems/actionview-5.2.3/lib/action_view/renderer/renderer.rb:25:in `render'
App 17042 output:   /home/admin/.rbenv/versions/2.5.1/lib/ruby/gems/2.5.0/gems/actionview-5.2.3/lib/action_view/rendering.rb:103:in `_render_template'
App 17042 output:   /home/admin/.rbenv/versions/2.5.1/lib/ruby/gems/2.5.0/gems/actionpack-5.2.3/lib/action_controller/metal/streaming.rb:219:in `_render_template'
App 17042 output:   /home/admin/.rbenv/versions/2.5.1/lib/ruby/gems/2.5.0/gems/actionview-5.2.3/lib/action_view/rendering.rb:84:in `render_to_body'
App 17042 output:   /home/admin/.rbenv/versions/2.5.1/lib/ruby/gems/2.5.0/gems/actionpack-5.2.3/lib/action_controller/metal/rendering.rb:52:in `render_to_body'
App 17042 output:   /home/admin/.rbenv/versions/2.5.1/lib/ruby/gems/2.5.0/gems/actionpack-5.2.3/lib/action_controller/metal/renderers.rb:142:in `render_to_body'
App 17042 output:   /home/admin/.rbenv/versions/2.5.1/lib/ruby/gems/2.5.0/gems/actionpack-5.2.3/lib/abstract_controller/rendering.rb:25:in `render'
App 17042 output:   /home/admin/.rbenv/versions/2.5.1/lib/ruby/gems/2.5.0/gems/actionpack-5.2.3/lib/action_controller/metal/rendering.rb:36:in `render'
App 17042 output:   /home/admin/.rbenv/versions/2.5.1/lib/ruby/gems/2.5.0/gems/actionpack-5.2.3/lib/action_controller/metal/instrumentation.rb:46:in `block (2 levels) in render'
App 17042 output:   /home/admin/.rbenv/versions/2.5.1/lib/ruby/gems/2.5.0/gems/activesupport-5.2.3/lib/active_support/core_ext/benchmark.rb:14:in `block in ms'
App 17042 output:   /home/admin/.rbenv/versions/2.5.1/lib/ruby/2.5.0/benchmark.rb:308:in `realtime'
App 17042 output:   /home/admin/.rbenv/versions/2.5.1/lib/ruby/gems/2.5.0/gems/activesupport-5.2.3/lib/active_support/core_ext/benchmark.rb:14:in `ms'
App 17042 output:   /home/admin/.rbenv/versions/2.5.1/lib/ruby/gems/2.5.0/gems/actionpack-5.2.3/lib/action_controller/metal/instrumentation.rb:46:in `block in render'
App 17042 output:   /home/admin/.rbenv/versions/2.5.1/lib/ruby/gems/2.5.0/gems/actionpack-5.2.3/lib/action_controller/metal/instrumentation.rb:87:in `cleanup_view_runtime'
App 17042 output:   /home/admin/.rbenv/versions/2.5.1/lib/ruby/gems/2.5.0/gems/activerecord-5.2.3/lib/active_record/railties/controller_runtime.rb:31:in `cleanup_view_runtime'
App 17042 output:   /home/admin/.rbenv/versions/2.5.1/lib/ruby/gems/2.5.0/gems/actionpack-5.2.3/lib/action_controller/metal/instrumentation.rb:45:in `render'
App 17042 output:   /home/admin/.rbenv/versions/2.5.1/lib/ruby/gems/2.5.0/gems/decidim-core-0.18.0/app/controllers/decidim/errors_controller.rb:10:in `internal_server_error'
App 17042 output:   /home/admin/.rbenv/versions/2.5.1/lib/ruby/gems/2.5.0/gems/actionpack-5.2.3/lib/action_controller/metal/basic_implicit_render.rb:6:in `send_action'
App 17042 output:   /home/admin/.rbenv/versions/2.5.1/lib/ruby/gems/2.5.0/gems/actionpack-5.2.3/lib/abstract_controller/base.rb:194:in `process_action'
App 17042 output:   /home/admin/.rbenv/versions/2.5.1/lib/ruby/gems/2.5.0/gems/actionpack-5.2.3/lib/action_controller/metal/rendering.rb:30:in `process_action'
App 17042 output:   /home/admin/.rbenv/versions/2.5.1/lib/ruby/gems/2.5.0/gems/actionpack-5.2.3/lib/abstract_controller/callbacks.rb:42:in `block in process_action'
App 17042 output:   /home/admin/.rbenv/versions/2.5.1/lib/ruby/gems/2.5.0/gems/activesupport-5.2.3/lib/active_support/callbacks.rb:109:in `block in run_callbacks'
App 17042 output:   /home/admin/.rbenv/versions/2.5.1/lib/ruby/gems/2.5.0/gems/i18n-1.6.0/lib/i18n.rb:297:in `with_locale'
App 17042 output:   /home/admin/.rbenv/versions/2.5.1/lib/ruby/gems/2.5.0/gems/decidim-core-0.18.0/app/controllers/concerns/decidim/locale_switcher.rb:25:in `switch_locale'
App 17042 output:   /home/admin/.rbenv/versions/2.5.1/lib/ruby/gems/2.5.0/gems/activesupport-5.2.3/lib/active_support/callbacks.rb:118:in `block in run_callbacks'
App 17042 output:   /home/admin/.rbenv/versions/2.5.1/lib/ruby/gems/2.5.0/gems/activesupport-5.2.3/lib/active_support/callbacks.rb:136:in `run_callbacks'
App 17042 output:   /home/admin/.rbenv/versions/2.5.1/lib/ruby/gems/2.5.0/gems/actionpack-5.2.3/lib/abstract_controller/callbacks.rb:41:in `process_action'
App 17042 output:   /home/admin/.rbenv/versions/2.5.1/lib/ruby/gems/2.5.0/gems/actionpack-5.2.3/lib/action_controller/metal/rescue.rb:22:in `process_action'
App 17042 output:   /home/admin/.rbenv/versions/2.5.1/lib/ruby/gems/2.5.0/gems/actionpack-5.2.3/lib/action_controller/metal/instrumentation.rb:34:in `block in process_action'
App 17042 output:   /home/admin/.rbenv/versions/2.5.1/lib/ruby/gems/2.5.0/gems/activesupport-5.2.3/lib/active_support/notifications.rb:168:in `block in instrument'
App 17042 output:   /home/admin/.rbenv/versions/2.5.1/lib/ruby/gems/2.5.0/gems/activesupport-5.2.3/lib/active_support/notifications/instrumenter.rb:23:in `instrument'
App 17042 output:   /home/admin/.rbenv/versions/2.5.1/lib/ruby/gems/2.5.0/gems/activesupport-5.2.3/lib/active_support/notifications.rb:168:in `instrument'
App 17042 output:   /home/admin/.rbenv/versions/2.5.1/lib/ruby/gems/2.5.0/gems/actionpack-5.2.3/lib/action_controller/metal/instrumentation.rb:32:in `process_action'
App 17042 output:   /home/admin/.rbenv/versions/2.5.1/lib/ruby/gems/2.5.0/gems/actionpack-5.2.3/lib/action_controller/metal/params_wrapper.rb:256:in `process_action'
App 17042 output:   /home/admin/.rbenv/versions/2.5.1/lib/ruby/gems/2.5.0/gems/activerecord-5.2.3/lib/active_record/railties/controller_runtime.rb:24:in `process_action'
App 17042 output:   /home/admin/.rbenv/versions/2.5.1/lib/ruby/gems/2.5.0/gems/actionpack-5.2.3/lib/abstract_controller/base.rb:134:in `process'
App 17042 output:   /home/admin/.rbenv/versions/2.5.1/lib/ruby/gems/2.5.0/gems/actionview-5.2.3/lib/action_view/rendering.rb:32:in `process'
App 17042 output:   /home/admin/.rbenv/versions/2.5.1/lib/ruby/gems/2.5.0/gems/actionpack-5.2.3/lib/action_controller/metal.rb:191:in `dispatch'
App 17042 output:   /home/admin/.rbenv/versions/2.5.1/lib/ruby/gems/2.5.0/gems/actionpack-5.2.3/lib/action_controller/metal.rb:252:in `dispatch'
App 17042 output:   /home/admin/.rbenv/versions/2.5.1/lib/ruby/gems/2.5.0/gems/actionpack-5.2.3/lib/action_dispatch/routing/route_set.rb:52:in `dispatch'
App 17042 output:   /home/admin/.rbenv/versions/2.5.1/lib/ruby/gems/2.5.0/gems/actionpack-5.2.3/lib/action_dispatch/routing/route_set.rb:34:in `serve'
App 17042 output:   /home/admin/.rbenv/versions/2.5.1/lib/ruby/gems/2.5.0/gems/actionpack-5.2.3/lib/action_dispatch/journey/router.rb:52:in `block in serve'
App 17042 output:   /home/admin/.rbenv/versions/2.5.1/lib/ruby/gems/2.5.0/gems/actionpack-5.2.3/lib/action_dispatch/journey/router.rb:35:in `each'
App 17042 output:   /home/admin/.rbenv/versions/2.5.1/lib/ruby/gems/2.5.0/gems/actionpack-5.2.3/lib/action_dispatch/journey/router.rb:35:in `serve'
App 17042 output:   /home/admin/.rbenv/versions/2.5.1/lib/ruby/gems/2.5.0/gems/actionpack-5.2.3/lib/action_dispatch/routing/route_set.rb:840:in `call'
App 17042 output:   /home/admin/.rbenv/versions/2.5.1/lib/ruby/gems/2.5.0/gems/actionpack-5.2.3/lib/action_dispatch/middleware/show_exceptions.rb:51:in `render_exception'
App 17042 output:   /home/admin/.rbenv/versions/2.5.1/lib/ruby/gems/2.5.0/gems/actionpack-5.2.3/lib/action_dispatch/middleware/show_exceptions.rb:36:in `rescue in call'
App 17042 output:   /home/admin/.rbenv/versions/2.5.1/lib/ruby/gems/2.5.0/gems/actionpack-5.2.3/lib/action_dispatch/middleware/show_exc
App 17042 output: eptions.rb:31:in `call'
App 17042 output:   /home/admin/.rbenv/versions/2.5.1/lib/ruby/gems/2.5.0/gems/railties-5.2.3/lib/rails/rack/logger.rb:38:in `call_app'
App 17042 output:   /home/admin/.rbenv/versions/2.5.1/lib/ruby/gems/2.5.0/gems/railties-5.2.3/lib/rails/rack/logger.rb:26:in `block in call'
App 17042 output:   /home/admin/.rbenv/versions/2.5.1/lib/ruby/gems/2.5.0/gems/activesupport-5.2.3/lib/active_support/tagged_logging.rb:71:in `block in tagged'
App 17042 output:   /home/admin/.rbenv/versions/2.5.1/lib/ruby/gems/2.5.0/gems/activesupport-5.2.3/lib/active_support/tagged_logging.rb:28:in `tagged'
App 17042 output:   /home/admin/.rbenv/versions/2.5.1/lib/ruby/gems/2.5.0/gems/activesupport-5.2.3/lib/active_support/tagged_logging.rb:71:in `tagged'
App 17042 output:   /home/admin/.rbenv/versions/2.5.1/lib/ruby/gems/2.5.0/gems/railties-5.2.3/lib/rails/rack/logger.rb:26:in `call'
App 17042 output:   /home/admin/.rbenv/versions/2.5.1/lib/ruby/gems/2.5.0/gems/actionpack-5.2.3/lib/action_dispatch/middleware/remote_ip.rb:81:in `call'
App 17042 output:   /home/admin/.rbenv/versions/2.5.1/lib/ruby/gems/2.5.0/gems/request_store-1.4.1/lib/request_store/middleware.rb:19:in `call'
App 17042 output:   /home/admin/.rbenv/versions/2.5.1/lib/ruby/gems/2.5.0/gems/actionpack-5.2.3/lib/action_dispatch/middleware/request_id.rb:27:in `call'
App 17042 output:   /home/admin/.rbenv/versions/2.5.1/lib/ruby/gems/2.5.0/gems/rack-2.0.7/lib/rack/method_override.rb:22:in `call'
App 17042 output:   /home/admin/.rbenv/versions/2.5.1/lib/ruby/gems/2.5.0/gems/rack-2.0.7/lib/rack/runtime.rb:22:in `call'
App 17042 output:   /home/admin/.rbenv/versions/2.5.1/lib/ruby/gems/2.5.0/gems/activesupport-5.2.3/lib/active_support/cache/strategy/local_cache_middleware.rb:29:in `call'
App 17042 output:   /home/admin/.rbenv/versions/2.5.1/lib/ruby/gems/2.5.0/gems/actionpack-5.2.3/lib/action_dispatch/middleware/executor.rb:14:in `call'
App 17042 output:   /home/admin/.rbenv/versions/2.5.1/lib/ruby/gems/2.5.0/gems/rack-2.0.7/lib/rack/sendfile.rb:111:in `call'
App 17042 output:   /home/admin/.rbenv/versions/2.5.1/lib/ruby/gems/2.5.0/gems/rack-cors-1.0.3/lib/rack/cors.rb:95:in `call'
App 17042 output:   /home/admin/.rbenv/versions/2.5.1/lib/ruby/gems/2.5.0/gems/railties-5.2.3/lib/rails/engine.rb:524:in `call'
App 17042 output:   /usr/lib/ruby/vendor_ruby/phusion_passenger/rack/thread_handler_extension.rb:97:in `process_request'
App 17042 output:   /usr/lib/ruby/vendor_ruby/phusion_passenger/request_handler/thread_handler.rb:149:in `accept_and_process_next_request'
App 17042 output:   /usr/lib/ruby/vendor_ruby/phusion_passenger/request_handler/thread_handler.rb:110:in `main_loop'
App 17042 output:   /usr/lib/ruby/vendor_ruby/phusion_passenger/request_handler.rb:415:in `block (3 levels) in start_threads'
App 17042 output:   /usr/lib/ruby/vendor_ruby/phusion_passenger/utils.rb:113:in `block in create_thread_and_abort_on_exception'
[ N 2019-07-05 18:20:53.3621 18954/T1 age/Wat/WatchdogMain.cpp:1366 ]: Starting Passenger watchdog...
[ N 2019-07-05 18:20:53.4155 18957/T1 age/Cor/CoreMain.cpp:1339 ]: Starting Passenger core...
[ N 2019-07-05 18:20:53.4160 18957/T1 age/Cor/CoreMain.cpp:256 ]: Passenger core running in multi-application mode.
[ N 2019-07-05 18:20:53.4249 18957/T1 age/Cor/CoreMain.cpp:1014 ]: Passenger core online, PID 18957
[ N 2019-07-05 18:20:55.5557 18957/T5 age/Cor/SecurityUpdateChecker.h:519 ]: Security update check: no update found (next check in 24 hours)
App 18975 output: /home/admin/.rbenv/versions/2.5.1/lib/ruby/2.5.0/fileutils.rb:90: warning: already initialized constant FileUtils::VERSION
App 18975 output: /home/admin/.rbenv/versions/2.5.1/lib/ruby/gems/2.5.0/gems/fileutils-1.2.0/lib/fileutils/version.rb:4: warning: previous definition of VERSION was here
App 18975 output: /home/admin/.rbenv/versions/2.5.1/lib/ruby/2.5.0/fileutils.rb:1188: warning: already initialized constant FileUtils::Entry_::S_IF_DOOR
App 18975 output: /home/admin/.rbenv/versions/2.5.1/lib/ruby/gems/2.5.0/gems/fileutils-1.2.0/lib/fileutils.rb:1267: warning: previous definition of S_IF_DOOR was here
App 18975 output: /home/admin/.rbenv/versions/2.5.1/lib/ruby/2.5.0/fileutils.rb:1446: warning: already initialized constant FileUtils::Entry_::DIRECTORY_TERM
App 18975 output: /home/admin/.rbenv/versions/2.5.1/lib/ruby/gems/2.5.0/gems/fileutils-1.2.0/lib/fileutils.rb:1547: warning: previous definition of DIRECTORY_TERM was here
App 18975 output: /home/admin/.rbenv/versions/2.5.1/lib/ruby/2.5.0/fileutils.rb:1448: warning: already initialized constant FileUtils::Entry_::SYSCASE
App 18975 output: /home/admin/.rbenv/versions/2.5.1/lib/ruby/gems/2.5.0/gems/fileutils-1.2.0/lib/fileutils.rb:1549: warning: previous definition of SYSCASE was here
App 18975 output: /home/admin/.rbenv/versions/2.5.1/lib/ruby/2.5.0/fileutils.rb:1501: warning: already initialized constant FileUtils::OPT_TABLE
App 18975 output: /home/admin/.rbenv/versions/2.5.1/lib/ruby/gems/2.5.0/gems/fileutils-1.2.0/lib/fileutils.rb:1602: warning: previous definition of OPT_TABLE was here
App 18975 output: /home/admin/.rbenv/versions/2.5.1/lib/ruby/2.5.0/fileutils.rb:1555: warning: already initialized constant FileUtils::LOW_METHODS
App 18975 output: /home/admin/.rbenv/versions/2.5.1/lib/ruby/gems/2.5.0/gems/fileutils-1.2.0/lib/fileutils.rb:1656: warning: previous definition of LOW_METHODS was here
App 18975 output: /home/admin/.rbenv/versions/2.5.1/lib/ruby/2.5.0/fileutils.rb:1562: warning: already initialized constant FileUtils::METHODS
App 18975 output: /home/admin/.rbenv/versions/2.5.1/lib/ruby/gems/2.5.0/gems/fileutils-1.2.0/lib/fileutils.rb:1663: warning: previous definition of METHODS was here
